            --------------------------------------------------------
                             AMBER SQM VERSION 19
 
                                     By
              Ross C. Walker, Michael F. Crowley, Scott Brozell,
                         Tim Giese, Andreas W. Goetz,
                        Tai-Sung Lee and David A. Case
 
            --------------------------------------------------------
 

--------------------------------------------------------------------------------
  QM CALCULATION INFO
--------------------------------------------------------------------------------

| QMMM: Citation for AMBER QMMM Run:
| QMMM: R.C. Walker, M.F. Crowley and D.A. Case, J. COMP. CHEM. 29:1019, 2008

QMMM: SINGLET STATE CALCULATION
QMMM: RHF CALCULATION, NO. OF DOUBLY OCCUPIED LEVELS = 25

| QMMM: *** Selected Hamiltonian *** 
| QMMM: AM1         

| QMMM: *** Parameter sets in use ***
| QMMM: P : M.J.S.DEWAR et al. THEOCHEM, 187,1, (1989)
| QMMM: F : M.J.S.DEWAR et al. THEOCHEM, 180, 1, (1988)
| QMMM: O : M.J.S.DEWAR et al. JACS, 107, 3902, (1985)
| QMMM: C : M.J.S.DEWAR et al. JACS, 107, 3902, (1985)
| QMMM: H : M.J.S.DEWAR et al. JACS, 107, 3902, (1985)

| QMMM: *** SCF convergence criteria ***
| QMMM: Energy change                :  0.1D-09 kcal/mol
| QMMM: Error matrix |FP-PF|         :  0.1D+00 au
| QMMM: Density matrix change        :  0.5D-06
| QMMM: Maximum number of SCF cycles :     1000

| QMMM: *** Diagonalization Routine Information ***
| QMMM: Pseudo diagonalizations are allowed.
| QMMM: Auto diagonalization routine selection is in use.
| QMMM:
| QMMM: Timing diagonalization routines:
| QMMM:                              norbs =       42
| QMMM:    diag iterations used for timing =       20
| QMMM:
| QMMM:              Internal diag routine = 0.009109 seconds
| QMMM:                 Dspev diag routine = 0.007447 seconds
| QMMM:                Dspevd diag routine = 0.003170 seconds
| QMMM:                Dspevx diag routine = 0.009287 seconds
| QMMM:                 Dsyev diag routine = 0.002448 seconds
| QMMM:                Dsyevd diag routine = 0.002129 seconds
| QMMM:                Dsyevr diag routine = 0.002381 seconds
| QMMM:
| QMMM:                Pseudo diag routine = 0.000374 seconds
| QMMM:
| QMMM: Using dsyevd routine (diag_routine=6).

  QMMM: QM Region Cartesian Coordinates (*=link atom) 
  QMMM: QM_NO.   MM_NO.  ATOM         X         Y         Z
  QMMM:     1        1      P        1.1840    0.0680    0.0740
  QMMM:     2        2      F        1.0450   -1.4940    0.1910
  QMMM:     3        3      O       -0.2910    0.6010    0.4780
  QMMM:     4        4      O        2.2600    0.5540    1.0030
  QMMM:     5        5      C       -1.4210    0.1630   -0.2570
  QMMM:     6        6      C       -1.5270   -1.3510   -0.1570
  QMMM:     7        7      C       -2.6650    0.8560    0.2780
  QMMM:     8        8      C        1.4150    0.6030   -1.6090
  QMMM:     9        9      H       -1.3070    0.4560   -1.3050
  QMMM:    10       10      H       -2.5260   -1.6910   -0.4500
  QMMM:    11       11      H       -0.8290   -1.8420   -0.8410
  QMMM:    12       12      H       -1.3260   -1.7060    0.8590
  QMMM:    13       13      H       -3.5580    0.5650   -0.2830
  QMMM:    14       14      H       -2.5520    1.9440    0.2160
  QMMM:    15       15      H       -2.8210    0.6160    1.3350
  QMMM:    16       16      H        2.4200    0.3370   -1.9480
  QMMM:    17       17      H        0.7020    0.1250   -2.2860
  QMMM:    18       18      H        1.3020    1.6880   -1.6890

--------------------------------------------------------------------------------
  RESULTS
--------------------------------------------------------------------------------

      iter         sqm energy              rms gradient
      ----    -------------------    -----------------------
xmin    10     -222.1362 kcal/mol        1.3962 kcal/(mol*A)
xmin    20     -223.0306 kcal/mol        1.1665 kcal/(mol*A)
xmin    30     -223.5550 kcal/mol        0.5109 kcal/(mol*A)
xmin    40     -223.9530 kcal/mol        0.4918 kcal/(mol*A)
xmin    50     -224.4971 kcal/mol        0.4823 kcal/(mol*A)
xmin    60     -224.9157 kcal/mol        1.1386 kcal/(mol*A)
xmin    70     -225.2724 kcal/mol        0.1279 kcal/(mol*A)
xmin    80     -225.3320 kcal/mol        0.1583 kcal/(mol*A)
xmin    90     -225.3534 kcal/mol        0.1450 kcal/(mol*A)
xmin   100     -225.3572 kcal/mol        0.1535 kcal/(mol*A)
xmin   110     -225.3596 kcal/mol        0.0933 kcal/(mol*A)
xmin   120     -225.3601 kcal/mol        0.0165 kcal/(mol*A)
xmin   130     -225.3605 kcal/mol        0.0120 kcal/(mol*A)
xmin   140     -225.3605 kcal/mol        0.0023 kcal/(mol*A)
xmin   150     -225.3606 kcal/mol        0.0064 kcal/(mol*A)
xmin   160     -225.3606 kcal/mol        0.0128 kcal/(mol*A)
xmin   170     -225.3606 kcal/mol        0.0025 kcal/(mol*A)
xmin   180     -225.3606 kcal/mol        0.0038 kcal/(mol*A)
  ... geometry converged !
 
 Final MO eigenvalues (eV):
 -48.9551  -39.2467  -34.5074  -33.4956  -30.7619  -28.2909  -22.9691  -20.3375
 -18.6335  -16.9225  -16.8582  -16.1720  -15.7303  -15.6478  -14.8170  -14.5926
 -14.0182  -13.9133  -13.4662  -13.3161  -13.0693  -12.1603  -11.9639  -11.5195
 -11.3353    1.0749    2.4651    2.7307    2.8338    3.0199    3.5544    3.6082
   3.9935    4.1435    4.2898    4.3536    4.3946    4.6354    4.7603    5.1474
   5.8713    6.6670

 Heat of formation   =       -225.36063035 kcal/mol  (       -9.77237025 eV)

 Total SCF energy    =     -43987.06382202 kcal/mol  (    -1907.42222029 eV)
 Electronic energy   =    -178324.45974737 kcal/mol  (    -7732.72883862 eV)
 Core-core repulsion =     134337.39592535 kcal/mol  (     5825.30661833 eV)
 
    Atomic Charges for Step       1 :
  Atom    Element       Mulliken Charge
     1      P                  2.713
     2      F                 -0.547
     3      O                 -0.755
     4      O                 -1.081
     5      C                  0.087
     6      C                 -0.230
     7      C                 -0.229
     8      C                 -1.004
     9      H                  0.050
    10      H                  0.083
    11      H                  0.088
    12      H                  0.101
    13      H                  0.086
    14      H                  0.072
    15      H                  0.103
    16      H                  0.165
    17      H                  0.145
    18      H                  0.151
 Total Mulliken Charge =       0.000
 
                  X        Y        Z     TOTAL  
  QM DIPOLE    -3.828    1.037   -4.363    5.896
 
 Final Structure

  QMMM: QM Region Cartesian Coordinates (*=link atom) 
  QMMM: QM_NO.   MM_NO.  ATOM         X         Y         Z
  QMMM:     1        1      P        1.3151    0.0024   -0.1346
  QMMM:     2        2      F        1.3376   -1.3733   -0.8134
  QMMM:     3        3      O       -0.1420   -0.0449    0.5509
  QMMM:     4        4      O        2.3916    0.1573    0.8295
  QMMM:     5        5      C       -1.2898   -0.2909   -0.2369
  QMMM:     6        6      C       -1.9377   -1.5885    0.2188
  QMMM:     7        7      C       -2.2525    0.8752   -0.0811
  QMMM:     8        8      C        1.2213    1.1148   -1.3410
  QMMM:     9        9      H       -0.9671   -0.3827   -1.3169
  QMMM:    10       10      H       -2.8814   -1.7553   -0.3519
  QMMM:    11       11      H       -1.2495   -2.4501    0.0466
  QMMM:    12       12      H       -2.1707   -1.5338    1.3089
  QMMM:    13       13      H       -3.1956    0.6579   -0.6358
  QMMM:    14       14      H       -1.8041    1.8153   -0.4811
  QMMM:    15       15      H       -2.4885    1.0295    0.9990
  QMMM:    16       16      H        2.1293    1.7713   -1.3575
  QMMM:    17       17      H        1.1385    0.6795   -2.3664
  QMMM:    18       18      H        0.3506    1.8082   -1.2282

           --------- Calculation Completed ----------

